2022-05-30 20:44:26,668 - Agent is listening SNMP Trap on 10.45.77.164 , Port : 162
2022-05-30 20:44:26,668 - --------------------------------------------------------------------------
2022-05-30 20:44:31,019 - Received new Trap message
2022-05-30 20:44:31,019 - 1.3.6.1.2.1.1.3.0 = 0
2022-05-30 20:44:31,020 - 1.3.6.1.6.3.1.1.4.1.0 = 1.3.6.1.6.3.1.1.5.1
2022-05-30 20:44:31,020 - 1.3.6.1.6.3.18.1.3.0 = 192.168.100.4
2022-05-30 20:44:31,021 - 1.3.6.1.6.3.18.1.4.0 = public
2022-05-30 20:44:31,021 - 1.3.6.1.6.3.1.1.4.3.0 = 0.0
2022-05-30 20:44:31,022 - ==== End of Incoming Trap ====
2022-05-30 20:44:32,316 - Received new Trap message
2022-05-30 20:44:32,316 - 1.3.6.1.2.1.1.3.0 = 0
2022-05-30 20:44:32,316 - 1.3.6.1.6.3.1.1.4.1.0 = 1.3.6.1.6.3.1.1.5.1
2022-05-30 20:44:32,317 - 1.3.6.1.6.3.18.1.3.0 = 192.168.100.4
2022-05-30 20:44:32,317 - 1.3.6.1.6.3.18.1.4.0 = public
2022-05-30 20:44:32,317 - 1.3.6.1.6.3.1.1.4.3.0 = 0.0
2022-05-30 20:44:32,317 - ==== End of Incoming Trap ====
2022-05-30 20:45:10,506 - Received new Trap message
2022-05-30 20:45:10,506 - 1.3.6.1.2.1.1.3.0 = 365902628
2022-05-30 20:45:10,507 - 1.3.6.1.6.3.1.1.4.1.0 = 1.3.6.1.4.1.1166.1.102.1.100.2
2022-05-30 20:45:10,507 - 1.3.6.1.4.1.1166.7.3.1.1.0 = 104
2022-05-30 20:45:10,507 - 1.3.6.1.4.1.1166.7.3.1.2.0 = 0
2022-05-30 20:45:10,508 - 1.3.6.1.4.1.1166.7.3.1.3.0 = BNC Server 4.2-102.20220408
2022-05-30 20:45:10,508 - 1.3.6.1.4.1.1166.7.3.1.4.0 = MAC-C0-A8-30-00-00-68
2022-05-30 20:45:10,509 - 1.3.6.1.4.1.1166.7.3.1.5.0 = 1
2022-05-30 20:45:10,509 - 1.3.6.1.4.1.1166.7.3.1.6.0 = 1
2022-05-30 20:45:10,509 - 1.3.6.1.4.1.1166.7.3.1.7.0 = 2
2022-05-30 20:45:10,509 - 1.3.6.1.4.1.1166.7.3.1.8.0 = 2
2022-05-30 20:45:10,510 - 1.3.6.1.4.1.1166.7.3.1.9.0 = 10
2022-05-30 20:45:10,510 - 1.3.6.1.4.1.1166.7.3.1.10.0 = 2022-05-31 01:45:09.887(UTC) INFO BNC alarm test
2022-05-30 20:45:10,511 - 1.3.6.1.4.1.1166.7.3.1.11.0 = 0
2022-05-30 20:45:10,511 - 1.3.6.1.4.1.1166.7.3.1.12.0 = BNC Server, IP= 10.11.99.104
2022-05-30 20:45:10,511 - 1.3.6.1.4.1.1166.7.3.1.13.0 = -1
2022-05-30 20:45:10,512 - 1.3.6.1.4.1.1166.7.3.1.14.0 = 104
2022-05-30 20:45:10,512 - 1.3.6.1.4.1.1166.7.3.1.15.0 = 0
2022-05-30 20:45:10,513 - ==== End of Incoming Trap ====
